[    5904ms] [WARNING] WARNING: Too many active WebGL contexts. Oldest context will be lost. @ http://localhost:8081/node_modules/expo-router/entry.bundle?platform=web&dev=true&hot=false&transform.routerRoot=app:160554
[    5935ms] [WARNING] WARNING: Too many active WebGL contexts. Oldest context will be lost. @ http://localhost:8081/node_modules/expo-router/entry.bundle?platform=web&dev=true&hot=false&transform.routerRoot=app:160554
[    6116ms] [WARNING] WARNING: Too many active WebGL contexts. Oldest context will be lost. @ http://localhost:8081/node_modules/expo-router/entry.bundle?platform=web&dev=true&hot=false&transform.routerRoot=app:160554
[    6251ms] [WARNING] WARNING: Too many active WebGL contexts. Oldest context will be lost. @ http://localhost:8081/node_modules/expo-router/entry.bundle?platform=web&dev=true&hot=false&transform.routerRoot=app:160554
[    6332ms] [WARNING] WARNING: Too many active WebGL contexts. Oldest context will be lost. @ http://localhost:8081/node_modules/expo-router/entry.bundle?platform=web&dev=true&hot=false&transform.routerRoot=app:160554
[    6354ms] [WARNING] WARNING: Too many active WebGL contexts. Oldest context will be lost. @ http://localhost:8081/node_modules/expo-router/entry.bundle?platform=web&dev=true&hot=false&transform.routerRoot=app:160554
[    7000ms] [WARNING] WARNING: Too many active WebGL contexts. Oldest context will be lost. @ http://localhost:8081/node_modules/expo-router/entry.bundle?platform=web&dev=true&hot=false&transform.routerRoot=app:160554
[    7555ms] [WARNING] WARNING: Too many active WebGL contexts. Oldest context will be lost. @ http://localhost:8081/node_modules/expo-router/entry.bundle?platform=web&dev=true&hot=false&transform.routerRoot=app:160554
[    7577ms] [WARNING] WARNING: Too many active WebGL contexts. Oldest context will be lost. @ http://localhost:8081/node_modules/expo-router/entry.bundle?platform=web&dev=true&hot=false&transform.routerRoot=app:160554
[    7967ms] [WARNING] WARNING: Too many active WebGL contexts. Oldest context will be lost. @ http://localhost:8081/node_modules/expo-router/entry.bundle?platform=web&dev=true&hot=false&transform.routerRoot=app:160554
[    8046ms] [WARNING] WARNING: Too many active WebGL contexts. Oldest context will be lost. @ http://localhost:8081/node_modules/expo-router/entry.bundle?platform=web&dev=true&hot=false&transform.routerRoot=app:160554
[    8064ms] [WARNING] WARNING: Too many active WebGL contexts. Oldest context will be lost. @ http://localhost:8081/node_modules/expo-router/entry.bundle?platform=web&dev=true&hot=false&transform.routerRoot=app:160554
[    8087ms] [WARNING] WARNING: Too many active WebGL contexts. Oldest context will be lost. @ http://localhost:8081/node_modules/expo-router/entry.bundle?platform=web&dev=true&hot=false&transform.routerRoot=app:160554
[    8100ms] [WARNING] WARNING: Too many active WebGL contexts. Oldest context will be lost. @ http://localhost:8081/node_modules/expo-router/entry.bundle?platform=web&dev=true&hot=false&transform.routerRoot=app:160554
[    8197ms] [WARNING] WARNING: Too many active WebGL contexts. Oldest context will be lost. @ http://localhost:8081/node_modules/expo-router/entry.bundle?platform=web&dev=true&hot=false&transform.routerRoot=app:160554
[    8244ms] [WARNING] WARNING: Too many active WebGL contexts. Oldest context will be lost. @ http://localhost:8081/node_modules/expo-router/entry.bundle?platform=web&dev=true&hot=false&transform.routerRoot=app:160554
[    8253ms] [WARNING] WARNING: Too many active WebGL contexts. Oldest context will be lost. @ http://localhost:8081/node_modules/expo-router/entry.bundle?platform=web&dev=true&hot=false&transform.routerRoot=app:160554
[    8266ms] [WARNING] WARNING: Too many active WebGL contexts. Oldest context will be lost. @ http://localhost:8081/node_modules/expo-router/entry.bundle?platform=web&dev=true&hot=false&transform.routerRoot=app:160554
[    8443ms] [WARNING] WARNING: Too many active WebGL contexts. Oldest context will be lost. @ http://localhost:8081/node_modules/expo-router/entry.bundle?platform=web&dev=true&hot=false&transform.routerRoot=app:160554
[   12152ms] TypeError: Cannot read properties of null (reading 'trim')
    at onFirstUse (http://localhost:8081/node_modules/expo-router/entry.bundle?platform=web&dev=true&hot=false&transform.routerRoot=app:204810:57)
    at WebGLProgram.getUniforms (http://localhost:8081/node_modules/expo-router/entry.bundle?platform=web&dev=true&hot=false&transform.routerRoot=app:204865:9)
    at setProgram (http://localhost:8081/node_modules/expo-router/entry.bundle?platform=web&dev=true&hot=false&transform.routerRoot=app:211232:36)
    at WebGLRenderer.renderBufferDirect (http://localhost:8081/node_modules/expo-router/entry.bundle?platform=web&dev=true&hot=false&transform.routerRoot=app:210483:25)
    at renderObject (http://localhost:8081/node_modules/expo-router/entry.bundle?platform=web&dev=true&hot=false&transform.routerRoot=app:211024:17)
    at renderObjects (http://localhost:8081/node_modules/expo-router/entry.bundle?platform=web&dev=true&hot=false&transform.routerRoot=app:211007:13)
    at renderScene (http://localhost:8081/node_modules/expo-router/entry.bundle?platform=web&dev=true&hot=false&transform.routerRoot=app:210900:39)
    at WebGLRenderer.render (http://localhost:8081/node_modules/expo-router/entry.bundle?platform=web&dev=true&hot=false&transform.routerRoot=app:210797:11)
    at loop (http://localhost:8081/node_modules/expo-router/entry.bundle?platform=web&dev=true&hot=false&transform.routerRoot=app:96907:20)
[   12200ms] TypeError: Cannot read properties of null (reading 'trim')
    at onFirstUse (http://localhost:8081/node_modules/expo-router/entry.bundle?platform=web&dev=true&hot=false&transform.routerRoot=app:204810:57)
    at WebGLProgram.getUniforms (http://localhost:8081/node_modules/expo-router/entry.bundle?platform=web&dev=true&hot=false&transform.routerRoot=app:204865:9)
    at setProgram (http://localhost:8081/node_modules/expo-router/entry.bundle?platform=web&dev=true&hot=false&transform.routerRoot=app:211232:36)
    at WebGLRenderer.renderBufferDirect (http://localhost:8081/node_modules/expo-router/entry.bundle?platform=web&dev=true&hot=false&transform.routerRoot=app:210483:25)
    at renderObject (http://localhost:8081/node_modules/expo-router/entry.bundle?platform=web&dev=true&hot=false&transform.routerRoot=app:211024:17)
    at renderObjects (http://localhost:8081/node_modules/expo-router/entry.bundle?platform=web&dev=true&hot=false&transform.routerRoot=app:211007:13)
    at renderScene (http://localhost:8081/node_modules/expo-router/entry.bundle?platform=web&dev=true&hot=false&transform.routerRoot=app:210900:39)
    at WebGLRenderer.render (http://localhost:8081/node_modules/expo-router/entry.bundle?platform=web&dev=true&hot=false&transform.routerRoot=app:210797:11)
    at loop (http://localhost:8081/node_modules/expo-router/entry.bundle?platform=web&dev=true&hot=false&transform.routerRoot=app:96907:20)
[   12437ms] TypeError: Cannot read properties of null (reading 'trim')
    at onFirstUse (http://localhost:8081/node_modules/expo-router/entry.bundle?platform=web&dev=true&hot=false&transform.routerRoot=app:204810:57)
    at WebGLProgram.getUniforms (http://localhost:8081/node_modules/expo-router/entry.bundle?platform=web&dev=true&hot=false&transform.routerRoot=app:204865:9)
    at setProgram (http://localhost:8081/node_modules/expo-router/entry.bundle?platform=web&dev=true&hot=false&transform.routerRoot=app:211232:36)
    at WebGLRenderer.renderBufferDirect (http://localhost:8081/node_modules/expo-router/entry.bundle?platform=web&dev=true&hot=false&transform.routerRoot=app:210483:25)
    at renderObject (http://localhost:8081/node_modules/expo-router/entry.bundle?platform=web&dev=true&hot=false&transform.routerRoot=app:211024:17)
    at renderObjects (http://localhost:8081/node_modules/expo-router/entry.bundle?platform=web&dev=true&hot=false&transform.routerRoot=app:211007:13)
    at renderScene (http://localhost:8081/node_modules/expo-router/entry.bundle?platform=web&dev=true&hot=false&transform.routerRoot=app:210900:39)
    at WebGLRenderer.render (http://localhost:8081/node_modules/expo-router/entry.bundle?platform=web&dev=true&hot=false&transform.routerRoot=app:210797:11)
    at loop (http://localhost:8081/node_modules/expo-router/entry.bundle?platform=web&dev=true&hot=false&transform.routerRoot=app:98211:22)
[   12519ms] TypeError: Cannot read properties of null (reading 'trim')
    at onFirstUse (http://localhost:8081/node_modules/expo-router/entry.bundle?platform=web&dev=true&hot=false&transform.routerRoot=app:204810:57)
    at WebGLProgram.getUniforms (http://localhost:8081/node_modules/expo-router/entry.bundle?platform=web&dev=true&hot=false&transform.routerRoot=app:204865:9)
    at setProgram (http://localhost:8081/node_modules/expo-router/entry.bundle?platform=web&dev=true&hot=false&transform.routerRoot=app:211232:36)
    at WebGLRenderer.renderBufferDirect (http://localhost:8081/node_modules/expo-router/entry.bundle?platform=web&dev=true&hot=false&transform.routerRoot=app:210483:25)
    at renderObject (http://localhost:8081/node_modules/expo-router/entry.bundle?platform=web&dev=true&hot=false&transform.routerRoot=app:211024:17)
    at renderObjects (http://localhost:8081/node_modules/expo-router/entry.bundle?platform=web&dev=true&hot=false&transform.routerRoot=app:211007:13)
    at renderScene (http://localhost:8081/node_modules/expo-router/entry.bundle?platform=web&dev=true&hot=false&transform.routerRoot=app:210900:39)
    at WebGLRenderer.render (http://localhost:8081/node_modules/expo-router/entry.bundle?platform=web&dev=true&hot=false&transform.routerRoot=app:210797:11)
    at loop (http://localhost:8081/node_modules/expo-router/entry.bundle?platform=web&dev=true&hot=false&transform.routerRoot=app:98211:22)
[   12520ms] TypeError: Cannot read properties of null (reading 'trim')
    at onFirstUse (http://localhost:8081/node_modules/expo-router/entry.bundle?platform=web&dev=true&hot=false&transform.routerRoot=app:204810:57)
    at WebGLProgram.getUniforms (http://localhost:8081/node_modules/expo-router/entry.bundle?platform=web&dev=true&hot=false&transform.routerRoot=app:204865:9)
    at setProgram (http://localhost:8081/node_modules/expo-router/entry.bundle?platform=web&dev=true&hot=false&transform.routerRoot=app:211232:36)
    at WebGLRenderer.renderBufferDirect (http://localhost:8081/node_modules/expo-router/entry.bundle?platform=web&dev=true&hot=false&transform.routerRoot=app:210483:25)
    at renderObject (http://localhost:8081/node_modules/expo-router/entry.bundle?platform=web&dev=true&hot=false&transform.routerRoot=app:211024:17)
    at renderObjects (http://localhost:8081/node_modules/expo-router/entry.bundle?platform=web&dev=true&hot=false&transform.routerRoot=app:211007:13)
    at renderScene (http://localhost:8081/node_modules/expo-router/entry.bundle?platform=web&dev=true&hot=false&transform.routerRoot=app:210900:39)
    at WebGLRenderer.render (http://localhost:8081/node_modules/expo-router/entry.bundle?platform=web&dev=true&hot=false&transform.routerRoot=app:210797:11)
    at loop (http://localhost:8081/node_modules/expo-router/entry.bundle?platform=web&dev=true&hot=false&transform.routerRoot=app:98211:22)
[   12550ms] TypeError: Cannot read properties of null (reading 'trim')
    at onFirstUse (http://localhost:8081/node_modules/expo-router/entry.bundle?platform=web&dev=true&hot=false&transform.routerRoot=app:204810:57)
    at WebGLProgram.getUniforms (http://localhost:8081/node_modules/expo-router/entry.bundle?platform=web&dev=true&hot=false&transform.routerRoot=app:204865:9)
    at setProgram (http://localhost:8081/node_modules/expo-router/entry.bundle?platform=web&dev=true&hot=false&transform.routerRoot=app:211232:36)
    at WebGLRenderer.renderBufferDirect (http://localhost:8081/node_modules/expo-router/entry.bundle?platform=web&dev=true&hot=false&transform.routerRoot=app:210483:25)
    at renderObject (http://localhost:8081/node_modules/expo-router/entry.bundle?platform=web&dev=true&hot=false&transform.routerRoot=app:211024:17)
    at renderObjects (http://localhost:8081/node_modules/expo-router/entry.bundle?platform=web&dev=true&hot=false&transform.routerRoot=app:211007:13)
    at renderScene (http://localhost:8081/node_modules/expo-router/entry.bundle?platform=web&dev=true&hot=false&transform.routerRoot=app:210900:39)
    at WebGLRenderer.render (http://localhost:8081/node_modules/expo-router/entry.bundle?platform=web&dev=true&hot=false&transform.routerRoot=app:210797:11)
    at loop (http://localhost:8081/node_modules/expo-router/entry.bundle?platform=web&dev=true&hot=false&transform.routerRoot=app:98211:22)
[   12551ms] TypeError: Cannot read properties of null (reading 'trim')
    at onFirstUse (http://localhost:8081/node_modules/expo-router/entry.bundle?platform=web&dev=true&hot=false&transform.routerRoot=app:204810:57)
    at WebGLProgram.getUniforms (http://localhost:8081/node_modules/expo-router/entry.bundle?platform=web&dev=true&hot=false&transform.routerRoot=app:204865:9)
    at setProgram (http://localhost:8081/node_modules/expo-router/entry.bundle?platform=web&dev=true&hot=false&transform.routerRoot=app:211232:36)
    at WebGLRenderer.renderBufferDirect (http://localhost:8081/node_modules/expo-router/entry.bundle?platform=web&dev=true&hot=false&transform.routerRoot=app:210483:25)
    at renderObject (http://localhost:8081/node_modules/expo-router/entry.bundle?platform=web&dev=true&hot=false&transform.routerRoot=app:211024:17)
    at renderObjects (http://localhost:8081/node_modules/expo-router/entry.bundle?platform=web&dev=true&hot=false&transform.routerRoot=app:211007:13)
    at renderScene (http://localhost:8081/node_modules/expo-router/entry.bundle?platform=web&dev=true&hot=false&transform.routerRoot=app:210900:39)
    at WebGLRenderer.render (http://localhost:8081/node_modules/expo-router/entry.bundle?platform=web&dev=true&hot=false&transform.routerRoot=app:210797:11)
    at loop (http://localhost:8081/node_modules/expo-router/entry.bundle?platform=web&dev=true&hot=false&transform.routerRoot=app:98211:22)
[   12554ms] TypeError: Cannot read properties of null (reading 'trim')
    at onFirstUse (http://localhost:8081/node_modules/expo-router/entry.bundle?platform=web&dev=true&hot=false&transform.routerRoot=app:204810:57)
    at WebGLProgram.getUniforms (http://localhost:8081/node_modules/expo-router/entry.bundle?platform=web&dev=true&hot=false&transform.routerRoot=app:204865:9)
    at setProgram (http://localhost:8081/node_modules/expo-router/entry.bundle?platform=web&dev=true&hot=false&transform.routerRoot=app:211232:36)
    at WebGLRenderer.renderBufferDirect (http://localhost:8081/node_modules/expo-router/entry.bundle?platform=web&dev=true&hot=false&transform.routerRoot=app:210483:25)
    at renderObject (http://localhost:8081/node_modules/expo-router/entry.bundle?platform=web&dev=true&hot=false&transform.routerRoot=app:211024:17)
    at renderObjects (http://localhost:8081/node_modules/expo-router/entry.bundle?platform=web&dev=true&hot=false&transform.routerRoot=app:211007:13)
    at renderScene (http://localhost:8081/node_modules/expo-router/entry.bundle?platform=web&dev=true&hot=false&transform.routerRoot=app:210900:39)
    at WebGLRenderer.render (http://localhost:8081/node_modules/expo-router/entry.bundle?platform=web&dev=true&hot=false&transform.routerRoot=app:210797:11)
    at loop (http://localhost:8081/node_modules/expo-router/entry.bundle?platform=web&dev=true&hot=false&transform.routerRoot=app:98211:22)
[   12555ms] TypeError: Cannot read properties of null (reading 'trim')
    at onFirstUse (http://localhost:8081/node_modules/expo-router/entry.bundle?platform=web&dev=true&hot=false&transform.routerRoot=app:204810:57)
    at WebGLProgram.getUniforms (http://localhost:8081/node_modules/expo-router/entry.bundle?platform=web&dev=true&hot=false&transform.routerRoot=app:204865:9)
    at setProgram (http://localhost:8081/node_modules/expo-router/entry.bundle?platform=web&dev=true&hot=false&transform.routerRoot=app:211232:36)
    at WebGLRenderer.renderBufferDirect (http://localhost:8081/node_modules/expo-router/entry.bundle?platform=web&dev=true&hot=false&transform.routerRoot=app:210483:25)
    at renderObject (http://localhost:8081/node_modules/expo-router/entry.bundle?platform=web&dev=true&hot=false&transform.routerRoot=app:211024:17)
    at renderObjects (http://localhost:8081/node_modules/expo-router/entry.bundle?platform=web&dev=true&hot=false&transform.routerRoot=app:211007:13)
    at renderScene (http://localhost:8081/node_modules/expo-router/entry.bundle?platform=web&dev=true&hot=false&transform.routerRoot=app:210900:39)
    at WebGLRenderer.render (http://localhost:8081/node_modules/expo-router/entry.bundle?platform=web&dev=true&hot=false&transform.routerRoot=app:210797:11)
    at loop (http://localhost:8081/node_modules/expo-router/entry.bundle?platform=web&dev=true&hot=false&transform.routerRoot=app:98211:22)
[   12662ms] TypeError: Cannot read properties of null (reading 'trim')
    at onFirstUse (http://localhost:8081/node_modules/expo-router/entry.bundle?platform=web&dev=true&hot=false&transform.routerRoot=app:204810:57)
    at WebGLProgram.getUniforms (http://localhost:8081/node_modules/expo-router/entry.bundle?platform=web&dev=true&hot=false&transform.routerRoot=app:204865:9)
    at setProgram (http://localhost:8081/node_modules/expo-router/entry.bundle?platform=web&dev=true&hot=false&transform.routerRoot=app:211232:36)
    at WebGLRenderer.renderBufferDirect (http://localhost:8081/node_modules/expo-router/entry.bundle?platform=web&dev=true&hot=false&transform.routerRoot=app:210483:25)
    at renderObject (http://localhost:8081/node_modules/expo-router/entry.bundle?platform=web&dev=true&hot=false&transform.routerRoot=app:211024:17)
    at renderObjects (http://localhost:8081/node_modules/expo-router/entry.bundle?platform=web&dev=true&hot=false&transform.routerRoot=app:211007:13)
    at renderScene (http://localhost:8081/node_modules/expo-router/entry.bundle?platform=web&dev=true&hot=false&transform.routerRoot=app:210900:39)
    at WebGLRenderer.render (http://localhost:8081/node_modules/expo-router/entry.bundle?platform=web&dev=true&hot=false&transform.routerRoot=app:210797:11)
    at loop (http://localhost:8081/node_modules/expo-router/entry.bundle?platform=web&dev=true&hot=false&transform.routerRoot=app:98211:22)
[   12664ms] TypeError: Cannot read properties of null (reading 'trim')
    at onFirstUse (http://localhost:8081/node_modules/expo-router/entry.bundle?platform=web&dev=true&hot=false&transform.routerRoot=app:204810:57)
    at WebGLProgram.getUniforms (http://localhost:8081/node_modules/expo-router/entry.bundle?platform=web&dev=true&hot=false&transform.routerRoot=app:204865:9)
    at setProgram (http://localhost:8081/node_modules/expo-router/entry.bundle?platform=web&dev=true&hot=false&transform.routerRoot=app:211232:36)
    at WebGLRenderer.renderBufferDirect (http://localhost:8081/node_modules/expo-router/entry.bundle?platform=web&dev=true&hot=false&transform.routerRoot=app:210483:25)
    at renderObject (http://localhost:8081/node_modules/expo-router/entry.bundle?platform=web&dev=true&hot=false&transform.routerRoot=app:211024:17)
    at renderObjects (http://localhost:8081/node_modules/expo-router/entry.bundle?platform=web&dev=true&hot=false&transform.routerRoot=app:211007:13)
    at renderScene (http://localhost:8081/node_modules/expo-router/entry.bundle?platform=web&dev=true&hot=false&transform.routerRoot=app:210900:39)
    at WebGLRenderer.render (http://localhost:8081/node_modules/expo-router/entry.bundle?platform=web&dev=true&hot=false&transform.routerRoot=app:210797:11)
    at loop (http://localhost:8081/node_modules/expo-router/entry.bundle?platform=web&dev=true&hot=false&transform.routerRoot=app:98211:22)
[   12667ms] TypeError: Cannot read properties of null (reading 'trim')
    at onFirstUse (http://localhost:8081/node_modules/expo-router/entry.bundle?platform=web&dev=true&hot=false&transform.routerRoot=app:204810:57)
    at WebGLProgram.getUniforms (http://localhost:8081/node_modules/expo-router/entry.bundle?platform=web&dev=true&hot=false&transform.routerRoot=app:204865:9)
    at setProgram (http://localhost:8081/node_modules/expo-router/entry.bundle?platform=web&dev=true&hot=false&transform.routerRoot=app:211232:36)
    at WebGLRenderer.renderBufferDirect (http://localhost:8081/node_modules/expo-router/entry.bundle?platform=web&dev=true&hot=false&transform.routerRoot=app:210483:25)
    at renderObject (http://localhost:8081/node_modules/expo-router/entry.bundle?platform=web&dev=true&hot=false&transform.routerRoot=app:211024:17)
    at renderObjects (http://localhost:8081/node_modules/expo-router/entry.bundle?platform=web&dev=true&hot=false&transform.routerRoot=app:211007:13)
    at renderScene (http://localhost:8081/node_modules/expo-router/entry.bundle?platform=web&dev=true&hot=false&transform.routerRoot=app:210900:39)
    at WebGLRenderer.render (http://localhost:8081/node_modules/expo-router/entry.bundle?platform=web&dev=true&hot=false&transform.routerRoot=app:210797:11)
    at loop (http://localhost:8081/node_modules/expo-router/entry.bundle?platform=web&dev=true&hot=false&transform.routerRoot=app:98211:22)
[   12669ms] TypeError: Cannot read properties of null (reading 'trim')
    at onFirstUse (http://localhost:8081/node_modules/expo-router/entry.bundle?platform=web&dev=true&hot=false&transform.routerRoot=app:204810:57)
    at WebGLProgram.getUniforms (http://localhost:8081/node_modules/expo-router/entry.bundle?platform=web&dev=true&hot=false&transform.routerRoot=app:204865:9)
    at setProgram (http://localhost:8081/node_modules/expo-router/entry.bundle?platform=web&dev=true&hot=false&transform.routerRoot=app:211232:36)
    at WebGLRenderer.renderBufferDirect (http://localhost:8081/node_modules/expo-router/entry.bundle?platform=web&dev=true&hot=false&transform.routerRoot=app:210483:25)
    at renderObject (http://localhost:8081/node_modules/expo-router/entry.bundle?platform=web&dev=true&hot=false&transform.routerRoot=app:211024:17)
    at renderObjects (http://localhost:8081/node_modules/expo-router/entry.bundle?platform=web&dev=true&hot=false&transform.routerRoot=app:211007:13)
    at renderScene (http://localhost:8081/node_modules/expo-router/entry.bundle?platform=web&dev=true&hot=false&transform.routerRoot=app:210900:39)
    at WebGLRenderer.render (http://localhost:8081/node_modules/expo-router/entry.bundle?platform=web&dev=true&hot=false&transform.routerRoot=app:210797:11)
    at loop (http://localhost:8081/node_modules/expo-router/entry.bundle?platform=web&dev=true&hot=false&transform.routerRoot=app:98211:22)
[   12670ms] TypeError: Cannot read properties of null (reading 'trim')
    at onFirstUse (http://localhost:8081/node_modules/expo-router/entry.bundle?platform=web&dev=true&hot=false&transform.routerRoot=app:204810:57)
    at WebGLProgram.getUniforms (http://localhost:8081/node_modules/expo-router/entry.bundle?platform=web&dev=true&hot=false&transform.routerRoot=app:204865:9)
    at setProgram (http://localhost:8081/node_modules/expo-router/entry.bundle?platform=web&dev=true&hot=false&transform.routerRoot=app:211232:36)
    at WebGLRenderer.renderBufferDirect (http://localhost:8081/node_modules/expo-router/entry.bundle?platform=web&dev=true&hot=false&transform.routerRoot=app:210483:25)
    at renderObject (http://localhost:8081/node_modules/expo-router/entry.bundle?platform=web&dev=true&hot=false&transform.routerRoot=app:211024:17)
    at renderObjects (http://localhost:8081/node_modules/expo-router/entry.bundle?platform=web&dev=true&hot=false&transform.routerRoot=app:211007:13)
    at renderScene (http://localhost:8081/node_modules/expo-router/entry.bundle?platform=web&dev=true&hot=false&transform.routerRoot=app:210900:39)
    at WebGLRenderer.render (http://localhost:8081/node_modules/expo-router/entry.bundle?platform=web&dev=true&hot=false&transform.routerRoot=app:210797:11)
    at loop (http://localhost:8081/node_modules/expo-router/entry.bundle?platform=web&dev=true&hot=false&transform.routerRoot=app:98211:22)
[   24886ms] [WARNING] "shadow*" style props are deprecated. Use "boxShadow". @ http://localhost:8081/node_modules/expo-router/entry.bundle?platform=web&dev=true&hot=false&transform.routerRoot=app:10114
[   33758ms] [WARNING] props.pointerEvents is deprecated. Use style.pointerEvents @ http://localhost:8081/node_modules/expo-router/entry.bundle?platform=web&dev=true&hot=false&transform.routerRoot=app:10114
[   35607ms] [ERROR] Warning: findDOMNode is deprecated and will be removed in the next major release. Instead, add a ref directly to the element you want to reference. Learn more about using refs safely here: https://reactjs.org/link/strict-mode-find-node
    at CanvasWrapper (http://localhost:8081/node_modules/expo-router/entry.bundle?platform=web&dev=true&hot=false&transform.routerRoot=app:89536:9)
    at GLView (http://localhost:8081/node_modules/expo-router/entry.bundle?platform=web&dev=true&hot=false&transform.routerRoot=app:89367:3)
    at div
    at http://localhost:8081/node_modules/expo-router/entry.bundle?platform=web&dev=true&hot=false&transform.routerRoot=app:10401:27
    at MascotViewer3D (http://localhost:8081/node_modules/expo-router/entry.bundle?platform=web&dev=true&hot=false&transform.routerRoot=app:89095:5)
    at div
    at http://localhost:8081/node_modules/expo-router/entry.bundle?platform=web&dev=true&hot=false&transform.routerRoot=app:10401:27
    at Mascot (http://localhost:8081/node_modules/expo-router/entry.bundle?platform=web&dev=true&hot=false&transform.routerRoot=app:88614:5)
    at div
    at http://localhost:8081/node_modules/expo-router/entry.bundle?platform=web&dev=true&hot=false&transform.routerRoot=app:10401:27
    at div
    at http://localhost:8081/node_modules/expo-router/entry.bundle?platform=web&dev=true&hot=false&transform.routerRoot=app:10401:27
    at http://localhost:8081/node_modules/expo-router/entry.bundle?platform=web&dev=true&hot=false&transform.routerRoot=app:7645:26
    at ScrollView (http://localhost:8081/node_modules/expo-router/entry.bundle?platform=web&dev=true&hot=false&transform.routerRoot=app:6349:7)
    at ScrollView
    at div
    at http://localhost:8081/node_modules/expo-router/entry.bundle?platform=web&dev=true&hot=false&transform.routerRoot=app:10401:27
    at http://localhost:8081/node_modules/expo-router/entry.bundle?platform=web&dev=true&hot=false&transform.routerRoot=app:42345:23
    at HomeScreen (http://localhost:8081/node_modules/expo-router/entry.bundle?platform=web&dev=true&hot=false&transform.routerRoot=app:88349:48)
    at Suspense
    at Route (http://localhost:8081/node_modules/expo-router/entry.bundle?platform=web&dev=true&hot=false&transform.routerRoot=app:44960:5)
    at http://localhost:8081/node_modules/expo-router/entry.bundle?platform=web&dev=true&hot=false&transform.routerRoot=app:45329:11
    at StaticContainer (http://localhost:8081/node_modules/expo-router/entry.bundle?platform=web&dev=true&hot=false&transform.routerRoot=app:34556:18)
    at EnsureSingleNavigator (http://localhost:8081/node_modules/expo-router/entry.bundle?platform=web&dev=true&hot=false&transform.routerRoot=app:29716:5)
    at SceneView (http://localhost:8081/node_modules/expo-router/entry.bundle?platform=web&dev=true&hot=false&transform.routerRoot=app:34418:5)
    at NavigationProvider (http://localhost:8081/node_modules/expo-router/entry.bundle?platform=web&dev=true&hot=false&transform.routerRoot=app:32776:5)
    at div
    at http://localhost:8081/node_modules/expo-router/entry.bundle?platform=web&dev=true&hot=false&transform.routerRoot=app:10401:27
    at div
    at http://localhost:8081/node_modules/expo-router/entry.bundle?platform=web&dev=true&hot=false&transform.routerRoot=app:10401:27
    at http://localhost:8081/node_modules/expo-router/entry.bundle?platform=web&dev=true&hot=false&transform.routerRoot=app:21293:62
    at Background (http://localhost:8081/node_modules/expo-router/entry.bundle?platform=web&dev=true&hot=false&transform.routerRoot=app:46390:9)
    at Screen (http://localhost:8081/node_modules/expo-router/entry.bundle?platform=web&dev=true&hot=false&transform.routerRoot=app:48512:70)
    at div
    at http://localhost:8081/node_modules/expo-router/entry.bundle?platform=web&dev=true&hot=false&transform.routerRoot=app:10401:27
    at MaybeScreen (http://localhost:8081/node_modules/expo-router/entry.bundle?platform=web&dev=true&hot=false&transform.routerRoot=app:49417:9)
    at div
    at http://localhost:8081/node_modules/expo-router/entry.bundle?platform=web&dev=true&hot=false&transform.routerRoot=app:10401:27
    at MaybeScreenContainer (http://localhost:8081/node_modules/expo-router/entry.bundle?platform=web&dev=true&hot=false&transform.routerRoot=app:49404:9)
    at div
    at http://localhost:8081/node_modules/expo-router/entry.bundle?platform=web&dev=true&hot=false&transform.routerRoot=app:10401:27
    at FrameSizeProvider (http://localhost:8081/node_modules/expo-router/entry.bundle?platform=web&dev=true&hot=false&transform.routerRoot=app:47264:5)
    at SafeAreaProviderCompat (http://localhost:8081/node_modules/expo-router/entry.bundle?platform=web&dev=true&hot=false&transform.routerRoot=app:48451:5)
    at BottomTabView (http://localhost:8081/node_modules/expo-router/entry.bundle?platform=web&dev=true&hot=false&transform.routerRoot=app:45906:7)
    at PreventRemoveProvider (http://localhost:8081/node_modules/expo-router/entry.bundle?platform=web&dev=true&hot=false&transform.routerRoot=app:32941:5)
    at NavigationStateListenerProvider (http://localhost:8081/node_modules/expo-router/entry.bundle?platform=web&dev=true&hot=false&transform.routerRoot=app:34966:5)
    at NavigationContent (http://localhost:8081/node_modules/expo-router/entry.bundle?platform=web&dev=true&hot=false&transform.routerRoot=app:34151:5)
    at http://localhost:8081/node_modules/expo-router/entry.bundle?platform=web&dev=true&hot=false&transform.routerRoot=app:34167:7
    at BottomTabNavigator (http://localhost:8081/node_modules/expo-router/entry.bundle?platform=web&dev=true&hot=false&transform.routerRoot=app:45811:9)
    at http://localhost:8081/node_modules/expo-router/entry.bundle?platform=web&dev=true&hot=false&transform.routerRoot=app:44854:21
    at TabLayout (http://localhost:8081/node_modules/expo-router/entry.bundle?platform=web&dev=true&hot=false&transform.routerRoot=app:44557:48)
    at Suspense
    at Route (http://localhost:8081/node_modules/expo-router/entry.bundle?platform=web&dev=true&hot=false&transform.routerRoot=app:44960:5)
    at http://localhost:8081/node_modules/expo-router/entry.bundle?platform=web&dev=true&hot=false&transform.routerRoot=app:45329:11
    at StaticContainer (http://localhost:8081/node_modules/expo-router/entry.bundle?platform=web&dev=true&hot=false&transform.routerRoot=app:34556:18)
    at EnsureSingleNavigator (http://localhost:8081/node_modules/expo-router/entry.bundle?platform=web&dev=true&hot=false&transform.routerRoot=app:29716:5)
    at SceneView (http://localhost:8081/node_modules/expo-router/entry.bundle?platform=web&dev=true&hot=false&transform.routerRoot=app:34418:5)
    at NavigationProvider (http://localhost:8081/node_modules/expo-router/entry.bundle?platform=web&dev=true&hot=false&transform.routerRoot=app:32776:5)
    at div
    at http://localhost:8081/node_modules/expo-router/entry.bundle?platform=web&dev=true&hot=false&transform.routerRoot=app:10401:27
    at AnimatedHeaderHeightProvider (http://localhost:8081/node_modules/expo-router/entry.bundle?platform=web&dev=true&hot=false&transform.routerRoot=app:56577:5)
    at div
    at http://localhost:8081/node_modules/expo-router/entry.bundle?platform=web&dev=true&hot=false&transform.routerRoot=app:10401:27
    at div
    at http://localhost:8081/node_modules/expo-router/entry.bundle?platform=web&dev=true&hot=false&transform.routerRoot=app:10401:27
    at http://localhost:8081/node_modules/expo-router/entry.bundle?platform=web&dev=true&hot=false&transform.routerRoot=app:21293:62
    at Background (http://localhost:8081/node_modules/expo-router/entry.bundle?platform=web&dev=true&hot=false&transform.routerRoot=app:46390:9)
    at Screen (http://localhost:8081/node_modules/expo-router/entry.bundle?platform=web&dev=true&hot=false&transform.routerRoot=app:48512:70)
    at div
    at http://localhost:8081/node_modules/expo-router/entry.bundle?platform=web&dev=true&hot=false&transform.routerRoot=app:10401:27
    at FrameSizeProvider (http://localhost:8081/node_modules/expo-router/entry.bundle?platform=web&dev=true&hot=false&transform.routerRoot=app:47264:5)
    at SafeAreaProviderCompat (http://localhost:8081/node_modules/expo-router/entry.bundle?platform=web&dev=true&hot=false&transform.routerRoot=app:48451:5)
    at NativeStackView (http://localhost:8081/node_modules/expo-router/entry.bundle?platform=web&dev=true&hot=false&transform.routerRoot=app:56473:5)
    at PreventRemoveProvider (http://localhost:8081/node_modules/expo-router/entry.bundle?platform=web&dev=true&hot=false&transform.routerRoot=app:32941:5)
    at NavigationStateListenerProvider (http://localhost:8081/node_modules/expo-router/entry.bundle?platform=web&dev=true&hot=false&transform.routerRoot=app:34966:5)
    at NavigationContent (http://localhost:8081/node_modules/expo-router/entry.bundle?platform=web&dev=true&hot=false&transform.routerRoot=app:34151:5)
    at http://localhost:8081/node_modules/expo-router/entry.bundle?platform=web&dev=true&hot=false&transform.routerRoot=app:34167:7
    at NativeStackNavigator (http://localhost:8081/node_modules/expo-router/entry.bundle?platform=web&dev=true&hot=false&transform.routerRoot=app:56271:9)
    at http://localhost:8081/node_modules/expo-router/entry.bundle?platform=web&dev=true&hot=false&transform.routerRoot=app:44854:21
    at div
    at http://localhost:8081/node_modules/expo-router/entry.bundle?platform=web&dev=true&hot=false&transform.routerRoot=app:10401:27
    at RootLayoutNav (http://localhost:8081/node_modules/expo-router/entry.bundle?platform=web&dev=true&hot=false&transform.routerRoot=app:91861:48)
    at RootLayout (http://localhost:8081/node_modules/expo-router/entry.bundle?platform=web&dev=true&hot=false&transform.routerRoot=app:91835:52)
    at Try (http://localhost:8081/node_modules/expo-router/entry.bundle?platform=web&dev=true&hot=false&transform.routerRoot=app:49540:3)
    at Suspense
    at Route (http://localhost:8081/node_modules/expo-router/entry.bundle?platform=web&dev=true&hot=false&transform.routerRoot=app:44960:5)
    at http://localhost:8081/node_modules/expo-router/entry.bundle?platform=web&dev=true&hot=false&transform.routerRoot=app:45329:11
    at div
    at http://localhost:8081/node_modules/expo-router/entry.bundle?platform=web&dev=true&hot=false&transform.routerRoot=app:10401:27
    at NativeSafeAreaProvider (http://localhost:8081/node_modules/expo-router/entry.bundle?platform=web&dev=true&hot=false&transform.routerRoot=app:131241:5)
    at SafeAreaProvider (http://localhost:8081/node_modules/expo-router/entry.bundle?platform=web&dev=true&hot=false&transform.routerRoot=app:131112:9)
    at wrapper (http://localhost:8081/node_modules/expo-router/entry.bundle?platform=web&dev=true&hot=false&transform.routerRoot=app:56970:7)
    at ThemeProvider (http://localhost:8081/node_modules/expo-router/entry.bundle?platform=web&dev=true&hot=false&transform.routerRoot=app:31004:5)
    at EnsureSingleNavigator (http://localhost:8081/node_modules/expo-router/entry.bundle?platform=web&dev=true&hot=false&transform.routerRoot=app:29716:5)
    at BaseNavigationContainer (http://localhost:8081/node_modules/expo-router/entry.bundle?platform=web&dev=true&hot=false&transform.routerRoot=app:28026:5)
    at NavigationContainerInner (http://localhost:8081/node_modules/expo-router/entry.bundle?platform=web&dev=true&hot=false&transform.routerRoot=app:57183:9)
    at ContextNavigator (http://localhost:8081/node_modules/expo-router/entry.bundle?platform=web&dev=true&hot=false&transform.routerRoot=app:57012:5)
    at ExpoRoot (http://localhost:8081/node_modules/expo-router/entry.bundle?platform=web&dev=true&hot=false&transform.routerRoot=app:56961:18)
    at _HelmetProvider (http://localhost:8081/node_modules/expo-router/entry.bundle?platform=web&dev=true&hot=false&transform.routerRoot=app:226404:7)
    at App
    at LogBoxStateSubscription (http://localhost:8081/node_modules/expo-router/entry.bundle?platform=web&dev=true&hot=false&transform.routerRoot=app:5066:9)
    at ErrorOverlay
    at withDevTools(ErrorOverlay)
    at AppContainer (http://localhost:8081/node_modules/expo-router/entry.bundle?platform=web&dev=true&hot=false&transform.routerRoot=app:40018:5) @ http://localhost:8081/node_modules/expo-router/entry.bundle?platform=web&dev=true&hot=false&transform.routerRoot=app:4723
